# JRE version: OpenJDK Runtime Environment Corretto-19.0.2.7.1 (19.0.2+7) (build 19.0.2+7-FR)
# Java VM: OpenJDK 64-Bit Server VM Corretto-19.0.2.7.1 (19.0.2+7-FR, mixed mode, sharing, tiered, compressed oops, compressed class ptrs, g1 gc, windows-amd64)
GC Precious Log:
 CardTable entry size: 512
 Card Set container configuration: InlinePtr #cards 5 size 8 Array Of Cards #cards 12 size 40 Howl #buckets 4 coarsen threshold 1843 Howl Bitmap #cards 512 size 80 coarsen threshold 460 Card regions per heap region 1 cards per card region 2048
 CPUs: 12 total, 12 available
 Memory: 7916M
 Large Page Support: Disabled
 NUMA Support: Disabled
 Compressed Oops: Enabled (32-bit)
 Heap Region Size: 1M
 Heap Min Capacity: 8M
 Heap Initial Capacity: 124M
 Heap Max Capacity: 1980M
 Pre-touch: Disabled
 Parallel Workers: 10
 Concurrent Workers: 3
 Concurrent Refinement Workers: 10
 Periodic GC: Disabled
Heap:
 garbage-first heap   total 519168K, used 178251K [0x0000000084400000, 0x0000000100000000)
  region size 1024K, 5 young (5120K), 2 survivors (2048K)
 Metaspace       used 13959K, committed 14144K, reserved 1114112K
  class space    used 1106K, committed 1216K, reserved 1048576K
GC Heap History (20 events):
Event: 1.119 GC heap before
{Heap before GC invocations=2 (full 0):
 garbage-first heap   total 126976K, used 104890K [0x0000000084400000, 0x0000000100000000)
  region size 1024K, 37 young (37888K), 1 survivors (1024K)
 Metaspace       used 4535K, committed 4736K, reserved 1114112K
  class space    used 400K, committed 512K, reserved 1048576K
}
Event: 1.120 GC heap after
{Heap after GC invocations=3 (full 0):
 garbage-first heap   total 126976K, used 68925K [0x0000000084400000, 0x0000000100000000)
  region size 1024K, 1 young (1024K), 1 survivors (1024K)
 Metaspace       used 4535K, committed 4736K, reserved 1114112K
  class space    used 400K, committed 512K, reserved 1048576K
}
Event: 1.714 GC heap before
{Heap before GC invocations=4 (full 0):
 garbage-first heap   total 126976K, used 86333K [0x0000000084400000, 0x0000000100000000)
  region size 1024K, 20 young (20480K), 1 survivors (1024K)
 Metaspace       used 7328K, committed 7616K, reserved 1114112K
  class space    used 636K, committed 768K, reserved 1048576K
}
Event: 1.716 GC heap after
{Heap after GC invocations=5 (full 0):
 garbage-first heap   total 126976K, used 70016K [0x0000000084400000, 0x0000000100000000)
  region size 1024K, 2 young (2048K), 2 survivors (2048K)
 Metaspace       used 7328K, committed 7616K, reserved 1114112K
  class space    used 636K, committed 768K, reserved 1048576K
}
Event: 3.699 GC heap before
{Heap before GC invocations=6 (full 0):
 garbage-first heap   total 240640K, used 218496K [0x0000000084400000, 0x0000000100000000)
  region size 1024K, 19 young (19456K), 2 survivors (2048K)
 Metaspace       used 12191K, committed 12416K, reserved 1114112K
  class space    used 999K, committed 1088K, reserved 1048576K
}
Event: 3.708 GC heap after
{Heap after GC invocations=7 (full 0):
 garbage-first heap   total 240640K, used 204591K [0x0000000084400000, 0x0000000100000000)
  region size 1024K, 3 young (3072K), 3 survivors (3072K)
 Metaspace       used 12191K, committed 12416K, reserved 1114112K
  class space    used 999K, committed 1088K, reserved 1048576K
}
Event: 3.886 GC heap before
{Heap before GC invocations=8 (full 0):
 garbage-first heap   total 455680K, used 279343K [0x0000000084400000, 0x0000000100000000)
  region size 1024K, 11 young (11264K), 3 survivors (3072K)
 Metaspace       used 12194K, committed 12416K, reserved 1114112K
  class space    used 999K, committed 1088K, reserved 1048576K
}
Event: 3.898 GC heap after
{Heap after GC invocations=9 (full 0):
 garbage-first heap   total 519168K, used 138256K [0x0000000084400000, 0x0000000100000000)
  region size 1024K, 1 young (1024K), 1 survivors (1024K)
 Metaspace       used 12194K, committed 12416K, reserved 1114112K
  class space    used 999K, committed 1088K, reserved 1048576K
}
Event: 6.955 GC heap before
{Heap before GC invocations=9 (full 0):
 garbage-first heap   total 519168K, used 404496K [0x0000000084400000, 0x0000000100000000)
  region size 1024K, 177 young (181248K), 1 survivors (1024K)
 Metaspace       used 13020K, committed 13248K, reserved 1114112K
  class space    used 1035K, committed 1152K, reserved 1048576K
}
Event: 6.959 GC heap after
{Heap after GC invocations=10 (full 0):
 garbage-first heap   total 519168K, used 138407K [0x0000000084400000, 0x0000000100000000)
  region size 1024K, 1 young (1024K), 1 survivors (1024K)
 Metaspace       used 13020K, committed 13248K, reserved 1114112K
  class space    used 1035K, committed 1152K, reserved 1048576K
}
Event: 7.863 GC heap before
{Heap before GC invocations=10 (full 0):
 garbage-first heap   total 519168K, used 329895K [0x0000000084400000, 0x0000000100000000)
  region size 1024K, 97 young (99328K), 1 survivors (1024K)
 Metaspace       used 13158K, committed 13440K, reserved 1114112K
  class space    used 1042K, committed 1152K, reserved 1048576K
}
Event: 7.866 GC heap after
{Heap after GC invocations=11 (full 0):
 garbage-first heap   total 519168K, used 138716K [0x0000000084400000, 0x0000000100000000)
  region size 1024K, 1 young (1024K), 1 survivors (1024K)
 Metaspace       used 13158K, committed 13440K, reserved 1114112K
  class space    used 1042K, committed 1152K, reserved 1048576K
}
Event: 8.971 GC heap before
{Heap before GC invocations=11 (full 0):
 garbage-first heap   total 519168K, used 323036K [0x0000000084400000, 0x0000000100000000)
  region size 1024K, 97 young (99328K), 1 survivors (1024K)
 Metaspace       used 13202K, committed 13440K, reserved 1114112K
  class space    used 1043K, committed 1152K, reserved 1048576K
}
Event: 8.974 GC heap after
{Heap after GC invocations=12 (full 0):
 garbage-first heap   total 519168K, used 138971K [0x0000000084400000, 0x0000000100000000)
  region size 1024K, 1 young (1024K), 1 survivors (1024K)
 Metaspace       used 13202K, committed 13440K, reserved 1114112K
  class space    used 1043K, committed 1152K, reserved 1048576K
}
Event: 9.678 GC heap before
{Heap before GC invocations=12 (full 0):
 garbage-first heap   total 519168K, used 314075K [0x0000000084400000, 0x0000000100000000)
  region size 1024K, 89 young (91136K), 1 survivors (1024K)
 Metaspace       used 13295K, committed 13504K, reserved 1114112K
  class space    used 1051K, committed 1152K, reserved 1048576K
}
Event: 9.683 GC heap after
{Heap after GC invocations=13 (full 0):
 garbage-first heap   total 519168K, used 138910K [0x0000000084400000, 0x0000000100000000)
  region size 1024K, 1 young (1024K), 1 survivors (1024K)
 Metaspace       used 13295K, committed 13504K, reserved 1114112K
  class space    used 1051K, committed 1152K, reserved 1048576K
}
Event: 11.104 GC heap before
{Heap before GC invocations=13 (full 0):
 garbage-first heap   total 519168K, used 180894K [0x0000000084400000, 0x0000000100000000)
  region size 1024K, 7 young (7168K), 1 survivors (1024K)
 Metaspace       used 13878K, committed 14144K, reserved 1114112K
  class space    used 1101K, committed 1216K, reserved 1048576K
}
Event: 11.108 GC heap after
{Heap after GC invocations=14 (full 0):
 garbage-first heap   total 519168K, used 176157K [0x0000000084400000, 0x0000000100000000)
  region size 1024K, 2 young (2048K), 2 survivors (2048K)
 Metaspace       used 13878K, committed 14144K, reserved 1114112K
  class space    used 1101K, committed 1216K, reserved 1048576K
}
Event: 12.433 GC heap before
{Heap before GC invocations=14 (full 0):
 garbage-first heap   total 519168K, used 336925K [0x0000000084400000, 0x0000000100000000)
  region size 1024K, 96 young (98304K), 2 survivors (2048K)
 Metaspace       used 13907K, committed 14144K, reserved 1114112K
  class space    used 1103K, committed 1216K, reserved 1048576K
}
Event: 12.436 GC heap after
{Heap after GC invocations=15 (full 0):
 garbage-first heap   total 519168K, used 162891K [0x0000000084400000, 0x0000000100000000)
  region size 1024K, 2 young (2048K), 2 survivors (2048K)
 Metaspace       used 13907K, committed 14144K, reserved 1114112K
  class space    used 1103K, committed 1216K, reserved 1048576K
}

