# JRE version: OpenJDK Runtime Environment Corretto-19.0.2.7.1 (19.0.2+7) (build 19.0.2+7-FR)
# Java VM: OpenJDK 64-Bit Server VM Corretto-19.0.2.7.1 (19.0.2+7-FR, mixed mode, sharing, tiered, compressed oops, compressed class ptrs, g1 gc, windows-amd64)
GC Precious Log:
 CardTable entry size: 512
 Card Set container configuration: InlinePtr #cards 5 size 8 Array Of Cards #cards 12 size 40 Howl #buckets 4 coarsen threshold 1843 Howl Bitmap #cards 512 size 80 coarsen threshold 460 Card regions per heap region 1 cards per card region 2048
 CPUs: 12 total, 12 available
 Memory: 7916M
 Large Page Support: Disabled
 NUMA Support: Disabled
 Compressed Oops: Enabled (32-bit)
 Heap Region Size: 1M
 Heap Min Capacity: 8M
 Heap Initial Capacity: 124M
 Heap Max Capacity: 1980M
 Pre-touch: Disabled
 Parallel Workers: 10
 Concurrent Workers: 3
 Concurrent Refinement Workers: 10
 Periodic GC: Disabled
Heap:
 garbage-first heap   total 509952K, used 252790K [0x0000000084400000, 0x0000000100000000)
  region size 1024K, 50 young (51200K), 1 survivors (1024K)
 Metaspace       used 7084K, committed 7232K, reserved 1114112K
  class space    used 616K, committed 704K, reserved 1048576K
GC Heap History (14 events):
Event: 0.704 GC heap before
{Heap before GC invocations=0 (full 0):
 garbage-first heap   total 126976K, used 10240K [0x0000000084400000, 0x0000000100000000)
  region size 1024K, 11 young (11264K), 0 survivors (0K)
 Metaspace       used 4746K, committed 4928K, reserved 1114112K
  class space    used 417K, committed 512K, reserved 1048576K
}
Event: 0.714 GC heap after
{Heap after GC invocations=1 (full 0):
 garbage-first heap   total 126976K, used 3948K [0x0000000084400000, 0x0000000100000000)
  region size 1024K, 3 young (3072K), 3 survivors (3072K)
 Metaspace       used 4746K, committed 4928K, reserved 1114112K
  class space    used 417K, committed 512K, reserved 1048576K
}
Event: 0.846 GC heap before
{Heap before GC invocations=1 (full 0):
 garbage-first heap   total 126976K, used 71532K [0x0000000084400000, 0x0000000100000000)
  region size 1024K, 5 young (5120K), 3 survivors (3072K)
 Metaspace       used 4751K, committed 4928K, reserved 1114112K
  class space    used 418K, committed 512K, reserved 1048576K
}
Event: 0.857 GC heap after
{Heap after GC invocations=2 (full 0):
 garbage-first heap   total 126976K, used 71781K [0x0000000084400000, 0x0000000100000000)
  region size 1024K, 1 young (1024K), 1 survivors (1024K)
 Metaspace       used 4751K, committed 4928K, reserved 1114112K
  class space    used 418K, committed 512K, reserved 1048576K
}
Event: 1.145 GC heap before
{Heap before GC invocations=3 (full 0):
 garbage-first heap   total 301056K, used 224357K [0x0000000084400000, 0x0000000100000000)
  region size 1024K, 21 young (21504K), 1 survivors (1024K)
 Metaspace       used 4752K, committed 4928K, reserved 1114112K
  class space    used 418K, committed 512K, reserved 1048576K
}
Event: 1.146 GC heap after
{Heap after GC invocations=4 (full 0):
 garbage-first heap   total 301056K, used 205006K [0x0000000084400000, 0x0000000100000000)
  region size 1024K, 1 young (1024K), 1 survivors (1024K)
 Metaspace       used 4752K, committed 4928K, reserved 1114112K
  class space    used 418K, committed 512K, reserved 1048576K
}
Event: 1.161 GC heap before
{Heap before GC invocations=4 (full 0):
 garbage-first heap   total 301056K, used 217294K [0x0000000084400000, 0x0000000100000000)
  region size 1024K, 14 young (14336K), 1 survivors (1024K)
 Metaspace       used 4752K, committed 4928K, reserved 1114112K
  class space    used 418K, committed 512K, reserved 1048576K
}
Event: 1.163 GC heap after
{Heap after GC invocations=5 (full 0):
 garbage-first heap   total 301056K, used 204655K [0x0000000084400000, 0x0000000100000000)
  region size 1024K, 1 young (1024K), 1 survivors (1024K)
 Metaspace       used 4752K, committed 4928K, reserved 1114112K
  class space    used 418K, committed 512K, reserved 1048576K
}
Event: 1.290 GC heap before
{Heap before GC invocations=5 (full 0):
 garbage-first heap   total 301056K, used 250735K [0x0000000084400000, 0x0000000100000000)
  region size 1024K, 47 young (48128K), 1 survivors (1024K)
 Metaspace       used 4752K, committed 4928K, reserved 1114112K
  class space    used 418K, committed 512K, reserved 1048576K
}
Event: 1.292 GC heap after
{Heap after GC invocations=6 (full 0):
 garbage-first heap   total 301056K, used 204667K [0x0000000084400000, 0x0000000100000000)
  region size 1024K, 1 young (1024K), 1 survivors (1024K)
 Metaspace       used 4752K, committed 4928K, reserved 1114112K
  class space    used 418K, committed 512K, reserved 1048576K
}
Event: 1.520 GC heap before
{Heap before GC invocations=7 (full 0):
 garbage-first heap   total 347136K, used 264059K [0x0000000084400000, 0x0000000100000000)
  region size 1024K, 60 young (61440K), 1 survivors (1024K)
 Metaspace       used 4754K, committed 4928K, reserved 1114112K
  class space    used 419K, committed 512K, reserved 1048576K
}
Event: 1.524 GC heap after
{Heap after GC invocations=8 (full 0):
 garbage-first heap   total 509952K, used 204648K [0x0000000084400000, 0x0000000100000000)
  region size 1024K, 1 young (1024K), 1 survivors (1024K)
 Metaspace       used 4754K, committed 4928K, reserved 1114112K
  class space    used 419K, committed 512K, reserved 1048576K
}
Event: 1.594 GC heap before
{Heap before GC invocations=8 (full 0):
 garbage-first heap   total 509952K, used 228200K [0x0000000084400000, 0x0000000100000000)
  region size 1024K, 24 young (24576K), 1 survivors (1024K)
 Metaspace       used 4754K, committed 4928K, reserved 1114112K
  class space    used 419K, committed 512K, reserved 1048576K
}
Event: 1.596 GC heap after
{Heap after GC invocations=9 (full 0):
 garbage-first heap   total 509952K, used 204662K [0x0000000084400000, 0x0000000100000000)
  region size 1024K, 1 young (1024K), 1 survivors (1024K)
 Metaspace       used 4754K, committed 4928K, reserved 1114112K
  class space    used 419K, committed 512K, reserved 1048576K
}

