# JRE version: OpenJDK Runtime Environment Corretto-19.0.2.7.1 (19.0.2+7) (build 19.0.2+7-FR)
# Java VM: OpenJDK 64-Bit Server VM Corretto-19.0.2.7.1 (19.0.2+7-FR, mixed mode, sharing, tiered, compressed oops, compressed class ptrs, g1 gc, windows-amd64)
GC Precious Log:
 CardTable entry size: 512
 Card Set container configuration: InlinePtr #cards 5 size 8 Array Of Cards #cards 12 size 40 Howl #buckets 4 coarsen threshold 1843 Howl Bitmap #cards 512 size 80 coarsen threshold 460 Card regions per heap region 1 cards per card region 2048
 CPUs: 12 total, 12 available
 Memory: 7916M
 Large Page Support: Disabled
 NUMA Support: Disabled
 Compressed Oops: Enabled (32-bit)
 Heap Region Size: 1M
 Heap Min Capacity: 8M
 Heap Initial Capacity: 124M
 Heap Max Capacity: 1980M
 Pre-touch: Disabled
 Parallel Workers: 10
 Concurrent Workers: 3
 Concurrent Refinement Workers: 10
 Periodic GC: Disabled
Heap:
 garbage-first heap   total 519168K, used 307176K [0x0000000084400000, 0x0000000100000000)
  region size 1024K, 120 young (122880K), 2 survivors (2048K)
 Metaspace       used 16904K, committed 17152K, reserved 1114112K
  class space    used 1475K, committed 1600K, reserved 1048576K
GC Heap History (14 events):
Event: 0.270 GC heap before
{Heap before GC invocations=0 (full 0):
 garbage-first heap   total 126976K, used 7168K [0x0000000084400000, 0x0000000100000000)
  region size 1024K, 8 young (8192K), 0 survivors (0K)
 Metaspace       used 4175K, committed 4416K, reserved 1114112K
  class space    used 369K, committed 512K, reserved 1048576K
}
Event: 0.274 GC heap after
{Heap after GC invocations=1 (full 0):
 garbage-first heap   total 126976K, used 2376K [0x0000000084400000, 0x0000000100000000)
  region size 1024K, 3 young (3072K), 3 survivors (3072K)
 Metaspace       used 4175K, committed 4416K, reserved 1114112K
  class space    used 369K, committed 512K, reserved 1048576K
}
Event: 0.376 GC heap before
{Heap before GC invocations=1 (full 0):
 garbage-first heap   total 126976K, used 90440K [0x0000000084400000, 0x0000000100000000)
  region size 1024K, 25 young (25600K), 3 survivors (3072K)
 Metaspace       used 4187K, committed 4416K, reserved 1114112K
  class space    used 370K, committed 512K, reserved 1048576K
}
Event: 0.379 GC heap after
{Heap after GC invocations=2 (full 0):
 garbage-first heap   total 126976K, used 69012K [0x0000000084400000, 0x0000000100000000)
  region size 1024K, 1 young (1024K), 1 survivors (1024K)
 Metaspace       used 4187K, committed 4416K, reserved 1114112K
  class space    used 370K, committed 512K, reserved 1048576K
}
Event: 0.520 GC heap before
{Heap before GC invocations=2 (full 0):
 garbage-first heap   total 126976K, used 103828K [0x0000000084400000, 0x0000000100000000)
  region size 1024K, 36 young (36864K), 1 survivors (1024K)
 Metaspace       used 4189K, committed 4416K, reserved 1114112K
  class space    used 370K, committed 512K, reserved 1048576K
}
Event: 0.521 GC heap after
{Heap after GC invocations=3 (full 0):
 garbage-first heap   total 126976K, used 68851K [0x0000000084400000, 0x0000000100000000)
  region size 1024K, 1 young (1024K), 1 survivors (1024K)
 Metaspace       used 4189K, committed 4416K, reserved 1114112K
  class space    used 370K, committed 512K, reserved 1048576K
}
Event: 0.840 GC heap before
{Heap before GC invocations=4 (full 0):
 garbage-first heap   total 126976K, used 87283K [0x0000000084400000, 0x0000000100000000)
  region size 1024K, 21 young (21504K), 1 survivors (1024K)
 Metaspace       used 7206K, committed 7424K, reserved 1114112K
  class space    used 625K, committed 768K, reserved 1048576K
}
Event: 0.842 GC heap after
{Heap after GC invocations=5 (full 0):
 garbage-first heap   total 126976K, used 70009K [0x0000000084400000, 0x0000000100000000)
  region size 1024K, 2 young (2048K), 2 survivors (2048K)
 Metaspace       used 7206K, committed 7424K, reserved 1114112K
  class space    used 625K, committed 768K, reserved 1048576K
}
Event: 1.865 GC heap before
{Heap before GC invocations=6 (full 0):
 garbage-first heap   total 260096K, used 218489K [0x0000000084400000, 0x0000000100000000)
  region size 1024K, 19 young (19456K), 2 survivors (2048K)
 Metaspace       used 12052K, committed 12224K, reserved 1114112K
  class space    used 985K, committed 1088K, reserved 1048576K
}
Event: 1.868 GC heap after
{Heap after GC invocations=7 (full 0):
 garbage-first heap   total 260096K, used 204514K [0x0000000084400000, 0x0000000100000000)
  region size 1024K, 3 young (3072K), 3 survivors (3072K)
 Metaspace       used 12052K, committed 12224K, reserved 1114112K
  class space    used 985K, committed 1088K, reserved 1048576K
}
Event: 1.958 GC heap before
{Heap before GC invocations=8 (full 0):
 garbage-first heap   total 455680K, used 292578K [0x0000000084400000, 0x0000000100000000)
  region size 1024K, 25 young (25600K), 3 survivors (3072K)
 Metaspace       used 12055K, committed 12288K, reserved 1114112K
  class space    used 985K, committed 1088K, reserved 1048576K
}
Event: 1.961 GC heap after
{Heap after GC invocations=9 (full 0):
 garbage-first heap   total 519168K, used 138517K [0x0000000084400000, 0x0000000100000000)
  region size 1024K, 2 young (2048K), 2 survivors (2048K)
 Metaspace       used 12055K, committed 12288K, reserved 1114112K
  class space    used 985K, committed 1088K, reserved 1048576K
}
Event: 3.339 GC heap before
{Heap before GC invocations=9 (full 0):
 garbage-first heap   total 519168K, used 388373K [0x0000000084400000, 0x0000000100000000)
  region size 1024K, 162 young (165888K), 2 survivors (2048K)
 Metaspace       used 12931K, committed 13120K, reserved 1114112K
  class space    used 1031K, committed 1088K, reserved 1048576K
}
Event: 3.341 GC heap after
{Heap after GC invocations=10 (full 0):
 garbage-first heap   total 519168K, used 71656K [0x0000000084400000, 0x0000000100000000)
  region size 1024K, 2 young (2048K), 2 survivors (2048K)
 Metaspace       used 12931K, committed 13120K, reserved 1114112K
  class space    used 1031K, committed 1088K, reserved 1048576K
}

